Model:
Path: .
URL: svn+ssh://secsvn@svn-sem.cl.cam.ac.uk/WeakMemory/ppc-abstract-machine
Repository Root: svn+ssh://secsvn@svn-sem.cl.cam.ac.uk
Repository UUID: 0227817e-5e02-0410-83b2-89653b220fac
Revision: 8605
Node Kind: directory
Schedule: normal
Last Changed Author: so294
Last Changed Rev: 8603
Last Changed Date: 2011-11-02 17:20:48 +0000 (Wed, 02 Nov 2011)

Name: MachineDefUtils.lem
Revision: 8605
Last Changed Author: so294
Last Changed Rev: 8345
Last Changed Date: 2011-08-05 12:52:50 +0100 (Fri, 05 Aug 2011)
Text Last Updated: 2011-08-23 12:47:53 +0100 (Tue, 23 Aug 2011)
Checksum: 093f06a9a327d1379cf23078896b7b72

Name: MachineDefFreshIds.lem
Revision: 8605
Last Changed Author: pes20
Last Changed Rev: 8251
Last Changed Date: 2011-07-01 16:14:46 +0100 (Fri, 01 Jul 2011)
Text Last Updated: 2011-08-23 12:47:53 +0100 (Tue, 23 Aug 2011)
Checksum: 987ca7ba14acfe76c1ab8236371977f8

Name: MachineDefValue.lem
Revision: 8605
Last Changed Author: so294
Last Changed Rev: 8345
Last Changed Date: 2011-08-05 12:52:50 +0100 (Fri, 05 Aug 2011)
Text Last Updated: 2011-08-23 12:47:53 +0100 (Tue, 23 Aug 2011)
Checksum: 3f0dc34931d5785c77ca202b8a0bcab1

Name: MachineDefTypes.lem
Revision: 8605
Last Changed Author: ss726
Last Changed Rev: 8513
Last Changed Date: 2011-10-24 14:31:45 +0100 (Mon, 24 Oct 2011)
Text Last Updated: 2011-10-26 22:50:20 +0100 (Wed, 26 Oct 2011)
Checksum: dc9de17cd636781e731bd039b23b6441

Name: MachineDefInstructionSemantics.lem
Revision: 8605
Last Changed Author: ss726
Last Changed Rev: 8512
Last Changed Date: 2011-10-23 15:50:30 +0100 (Sun, 23 Oct 2011)
Text Last Updated: 2011-10-23 15:49:24 +0100 (Sun, 23 Oct 2011)
Checksum: 8e9df1b4be01131c894bbde643ececd9

Name: MachineDefStorageSubsystem.lem
Revision: 8605
Last Changed Author: pes20
Last Changed Rev: 8514
Last Changed Date: 2011-10-24 14:37:42 +0100 (Mon, 24 Oct 2011)
Text Last Updated: 2011-10-26 22:50:20 +0100 (Wed, 26 Oct 2011)
Checksum: 09968a0e2edaf045ea53f988caaaf1d1

Name: MachineDefThreadSubsystem.lem
Revision: 8605
Last Changed Author: so294
Last Changed Rev: 8603
Last Changed Date: 2011-11-02 17:20:48 +0000 (Wed, 02 Nov 2011)
Text Last Updated: 2011-11-02 23:39:52 +0000 (Wed, 02 Nov 2011)
Checksum: 3c43a04bc59bbcf978107cba1124a613

Name: MachineDefSystem.lem
Revision: 8605
Last Changed Author: pes20
Last Changed Rev: 8507
Last Changed Date: 2011-10-23 11:29:38 +0100 (Sun, 23 Oct 2011)
Text Last Updated: 2011-10-23 12:34:37 +0100 (Sun, 23 Oct 2011)
Checksum: 11c9e6d828a90b062a9d877e1d14fa58

Lem run:
Thu Nov  3 15:20:19 GMT 2011
-e 
Revision: 6
Last Changed Author: ss726
Last Changed Rev: 6
Last Changed Date: 2011-05-12 15:02:21 +0200 (Thu, 12 May 2011)

M       src/version.ml
Build:
Thu May 19 11:29:12 CEST 2011
-e 

-e Trying D3181r0-PPC-1 \iN{D3181r0-PPC-1}
LOC: [a]LOC: [b]TOP init write ids <1000:1000>W a 0,<1000:1000>W b 0
Found      1 : Prune count=     0  seen_succs=    23     24 states 
Found      2 : Prune count=     5  seen_succs=    32     33 states 
Found      3 : Prune count=    24  seen_succs=    49     50 states 
Found      4 : Prune count=    38  seen_succs=    62     63 states 
Found      5 : Prune count=   209  seen_succs=   151    152 states 
Found      6 : Prune count=   216  seen_succs=   161    162 states 
Found      7 : Prune count=   276  seen_succs=   200    201 states 
Found      8 : Prune count=   307  seen_succs=   225    226 states 
Found      9 : Prune count=   519  seen_succs=   324    325 states 
Found     10 : Prune count=   526  seen_succs=   334    335 states 
Found     11 : Prune count=   720  seen_succs=   442    443 states 
Found     12 : Prune count=   931  seen_succs=   540    541 states 
Found     13 : Prune count=  1070  seen_succs=   613    614 states 
Found     14 : Prune count=  2933  seen_succs=  1317   1318 states 
Found     15 : Prune count=  2938  seen_succs=  1326   1327 states 
Found     16 : Prune count=  2957  seen_succs=  1343   1344 states 
Found     17 : Prune count=  2971  seen_succs=  1356   1357 states 
Found     18 : Prune count=  3142  seen_succs=  1445   1446 states 
Found     19 : Prune count=  3149  seen_succs=  1455   1456 states 
Found     20 : Prune count=  3209  seen_succs=  1494   1495 states 
Found     21 : Prune count=  3240  seen_succs=  1519   1520 states 
Found     22 : Prune count=  3452  seen_succs=  1618   1619 states 
Found     23 : Prune count=  3459  seen_succs=  1628   1629 states 
Found     24 : Prune count=  3577  seen_succs=  1695   1696 states 
Found     25 : Prune count=  3586  seen_succs=  1707   1708 states 
Found     26 : Prune count=  3656  seen_succs=  1752   1753 states 
Found     27 : Prune count=  3678  seen_succs=  1770   1771 states 
Found     28 : Prune count=  4190  seen_succs=  1979   1980 states 
Found     29 : Prune count=  4197  seen_succs=  1989   1990 states 
Found     30 : Prune count=  4232  seen_succs=  2017   2018 states 
Found     31 : Prune count=  4239  seen_succs=  2027   2028 states 
Found     32 : Prune count=  4696  seen_succs=  2248   2249 states 
Found     33 : Prune count=  4725  seen_succs=  2272   2273 states 
Found     34 : Prune count=  5228  seen_succs=  2474   2475 states 
Found     35 : Prune count=  5281  seen_succs=  2510   2511 states 
Found     36 : Prune count=  5603  seen_succs=  2647   2648 states 
Found     37 : Prune count=  5641  seen_succs=  2681   2682 states 
Found     38 : Prune count= 10135  seen_succs=  4239   4240 states 
Found     39 : Prune count= 10140  seen_succs=  4248   4249 states 
Found     40 : Prune count= 10159  seen_succs=  4265   4266 states 
Found     41 : Prune count= 10173  seen_succs=  4278   4279 states 
Found     42 : Prune count= 10344  seen_succs=  4367   4368 states 
Found     43 : Prune count= 10351  seen_succs=  4377   4378 states 
Found     44 : Prune count= 10411  seen_succs=  4416   4417 states 
Found     45 : Prune count= 10442  seen_succs=  4441   4442 states 
Found     46 : Prune count= 10654  seen_succs=  4540   4541 states 
Found     47 : Prune count= 10661  seen_succs=  4550   4551 states 
Found     48 : Prune count= 10855  seen_succs=  4658   4659 states 
Found     49 : Prune count= 11066  seen_succs=  4756   4757 states 
Found     50 : Prune count= 11207  seen_succs=  4829   4830 states 
Found     51 : Prune count= 11212  seen_succs=  4838   4839 states 
Found     52 : Prune count= 11231  seen_succs=  4855   4856 states 
Found     53 : Prune count= 11245  seen_succs=  4868   4869 states 
Found     54 : Prune count= 11575  seen_succs=  5030   5031 states 
Found     55 : Prune count= 11606  seen_succs=  5055   5056 states 
Found     56 : Prune count= 12105  seen_succs=  5274   5275 states 
Found     57 : Prune count= 16059  seen_succs=  6641   6642 states 
Found     58 : Prune count= 16064  seen_succs=  6650   6651 states 
Found     59 : Prune count= 16083  seen_succs=  6667   6668 states 
Found     60 : Prune count= 16097  seen_succs=  6680   6681 states 
Found     61 : Prune count= 16268  seen_succs=  6769   6770 states 
Found     62 : Prune count= 16275  seen_succs=  6779   6780 states 
Found     63 : Prune count= 16335  seen_succs=  6818   6819 states 
Found     64 : Prune count= 16366  seen_succs=  6843   6844 states 
Found     65 : Prune count= 16578  seen_succs=  6942   6943 states 
Found     66 : Prune count= 16585  seen_succs=  6952   6953 states 
Found     67 : Prune count= 16703  seen_succs=  7019   7020 states 
Found     68 : Prune count= 16712  seen_succs=  7031   7032 states 
Found     69 : Prune count= 16782  seen_succs=  7076   7077 states 
Found     70 : Prune count= 16804  seen_succs=  7094   7095 states 
Found     71 : Prune count= 17316  seen_succs=  7303   7304 states 
Found     72 : Prune count= 17323  seen_succs=  7313   7314 states 
Found     73 : Prune count= 17358  seen_succs=  7341   7342 states 
Found     74 : Prune count= 17365  seen_succs=  7351   7352 states 
Found     75 : Prune count= 17822  seen_succs=  7572   7573 states 
Found     76 : Prune count= 17851  seen_succs=  7596   7597 states 
Found     77 : Prune count= 18354  seen_succs=  7798   7799 states 
Found     78 : Prune count= 18407  seen_succs=  7834   7835 states 
Found     79 : Prune count= 18734  seen_succs=  7971   7972 states 
Found     80 : Prune count= 18739  seen_succs=  7980   7981 states 
Found     81 : Prune count= 18758  seen_succs=  7997   7998 states 
Found     82 : Prune count= 18772  seen_succs=  8010   8011 states 
Found     83 : Prune count= 19102  seen_succs=  8172   8173 states 
Found     84 : Prune count= 19107  seen_succs=  8181   8182 states 
Found     85 : Prune count= 19124  seen_succs=  8198   8199 states 
Found     86 : Prune count= 19129  seen_succs=  8206   8207 states 
Found     87 : Prune count= 19179  seen_succs=  8239   8240 states 
Found     88 : Prune count= 19193  seen_succs=  8252   8253 states 
Found     89 : Prune count= 19231  seen_succs=  8277   8278 states 
Found     90 : Prune count= 19244  seen_succs=  8289   8290 states 
Found     91 : Prune count= 19351  seen_succs=  8343   8344 states 
Found     92 : Prune count= 19389  seen_succs=  8368   8369 states 
Found     93 : Prune count= 19402  seen_succs=  8380   8381 states 
Found     94 : Prune count= 19513  seen_succs=  8436   8437 states 
Found     95 : Prune count= 19588  seen_succs=  8473   8474 states 
Found     96 : Prune count= 19616  seen_succs=  8491   8492 states 
Found     97 : Prune count= 20872  seen_succs=  8956   8957 states 
Found     98 : Prune count= 20877  seen_succs=  8965   8966 states 
Found     99 : Prune count= 20896  seen_succs=  8983   8984 states 
Found    100 : Prune count= 20910  seen_succs=  8996   8997 states 
Found    101 : Prune count= 20959  seen_succs=  9027   9028 states 
Found    102 : Prune count= 21011  seen_succs=  9060   9061 states 
Found    103 : Prune count= 21442  seen_succs=  9241   9242 states 
Found    104 : Prune count= 21451  seen_succs=  9253   9254 states 
Found    105 : Prune count= 21456  seen_succs=  9261   9262 states 
Found    106 : Prune count= 21545  seen_succs=  9314   9315 states 
Found    107 : Prune count= 21567  seen_succs=  9332   9333 states 
Found    108 : Prune count= 21580  seen_succs=  9344   9345 states 
Found    109 : Prune count= 21758  seen_succs=  9423   9424 states 
Found    110 : Prune count= 21780  seen_succs=  9441   9442 states 
Found    111 : Prune count= 21793  seen_succs=  9453   9454 states 
Found    112 : Prune count= 21966  seen_succs=  9532   9533 states 
Found    113 : Prune count= 22012  seen_succs=  9559   9560 states 
Found    114 : Prune count= 22040  seen_succs=  9577   9578 states 
Found    115 : Prune count= 23711  seen_succs= 10149  10150 states 
Found    116 : Prune count= 23716  seen_succs= 10158  10159 states 
Found    117 : Prune count= 23735  seen_succs= 10176  10177 states 
Found    118 : Prune count= 23749  seen_succs= 10189  10190 states 
Found    119 : Prune count= 23853  seen_succs= 10251  10252 states 
Found    120 : Prune count= 23858  seen_succs= 10260  10261 states 
Found    121 : Prune count= 23877  seen_succs= 10278  10279 states 
Found    122 : Prune count= 23891  seen_succs= 10291  10292 states 
Found    123 : Prune count= 23940  seen_succs= 10322  10323 states 
Found    124 : Prune count= 23992  seen_succs= 10355  10356 states 
Found    125 : Prune count= 25563  seen_succs= 10986  10987 states 
Found    126 : Prune count= 25592  seen_succs= 11010  11011 states 
Found    127 : Prune count= 25609  seen_succs= 11026  11027 states 
Found    128 : Prune count= 25846  seen_succs= 11131  11132 states 
Found    129 : Prune count= 25907  seen_succs= 11167  11168 states 
Found    130 : Prune count= 25944  seen_succs= 11191  11192 states 
Found    131 : Prune count= 27517  seen_succs= 11710  11711 states 
Found    132 : Prune count= 27522  seen_succs= 11719  11720 states 
Found    133 : Prune count= 27671  seen_succs= 11800  11801 states 
Found    134 : Prune count= 27676  seen_succs= 11809  11810 states 
Found    135 : Prune count= 27764  seen_succs= 11862  11863 states 
Found    136 : Prune count= 28707  seen_succs= 12201  12202 states 
Found    137 : Prune count= 28727  seen_succs= 12224  12225 states 
Found    138 : Prune count= 28749  seen_succs= 12246  12247 states 
Found    139 : Prune count= 28859  seen_succs= 12321  12322 states 
Found    140 : Prune count= 28898  seen_succs= 12352  12353 states 
Found    141 : Prune count= 28939  seen_succs= 12382  12383 states 
Found    142 : Prune count= 28958  seen_succs= 12399  12400 states 
Found    143 : Prune count= 49162  seen_succs= 18759  18760 states 
Found    144 : Prune count= 49180  seen_succs= 18776  18777 states 
Found    145 : Prune count= 49231  seen_succs= 18809  18810 states 
Found    146 : Prune count= 49274  seen_succs= 18838  18839 states 
Found    147 : Prune count= 49736  seen_succs= 19031  19032 states 
Found    148 : Prune count= 49777  seen_succs= 19061  19062 states 
Found    149 : Prune count= 49931  seen_succs= 19136  19137 states 
Found    150 : Prune count= 50014  seen_succs= 19185  19186 states 
Found    151 : Prune count= 50583  seen_succs= 19404  19405 states 
Found    152 : Prune count= 50624  seen_succs= 19434  19435 states 
Found    153 : Prune count= 51043  seen_succs= 19610  19611 states 
Found    154 : Prune count= 51686  seen_succs= 19852  19853 states 
Found    155 : Prune count= 52108  seen_succs= 20029  20030 states 
Found    156 : Prune count= 52370  seen_succs= 20164  20165 states 
Found    157 : Prune count= 52388  seen_succs= 20181  20182 states 
Found    158 : Prune count= 52439  seen_succs= 20214  20215 states 
Found    159 : Prune count= 52482  seen_succs= 20243  20244 states 
Found    160 : Prune count= 52944  seen_succs= 20436  20437 states 
Found    161 : Prune count= 52985  seen_succs= 20466  20467 states 
Found    162 : Prune count= 53139  seen_succs= 20541  20542 states 
Found    163 : Prune count= 53222  seen_succs= 20590  20591 states 
Found    164 : Prune count= 53791  seen_succs= 20809  20810 states 
Found    165 : Prune count= 53832  seen_succs= 20839  20840 states 
Found    166 : Prune count= 54136  seen_succs= 20974  20975 states 
Found    167 : Prune count= 54165  seen_succs= 20998  20999 states 
Found    168 : Prune count= 54347  seen_succs= 21087  21088 states 
Found    169 : Prune count= 54415  seen_succs= 21129  21130 states 
Found    170 : Prune count= 55766  seen_succs= 21594  21595 states 
Found    171 : Prune count= 55807  seen_succs= 21624  21625 states 
Found    172 : Prune count= 55894  seen_succs= 21676  21677 states 
Found    173 : Prune count= 55935  seen_succs= 21706  21707 states 
Found    174 : Prune count= 56918  seen_succs= 22071  22072 states 
Found    175 : Prune count= 57019  seen_succs= 22131  22132 states 
Found    176 : Prune count= 58522  seen_succs= 22633  22634 states 
Found    177 : Prune count= 58691  seen_succs= 22721  22722 states 
Found    178 : Prune count= 59632  seen_succs= 23054  23055 states 
Found    179 : Prune count= 59768  seen_succs= 23136  23137 states 
Found    180 : Prune count= 60306  seen_succs= 23367  23368 states 
Found    181 : Prune count= 60324  seen_succs= 23384  23385 states 
Found    182 : Prune count= 60375  seen_succs= 23417  23418 states 
Found    183 : Prune count= 60418  seen_succs= 23446  23447 states 
Found    184 : Prune count= 60880  seen_succs= 23639  23640 states 
Found    185 : Prune count= 60921  seen_succs= 23669  23670 states 
Found    186 : Prune count= 61075  seen_succs= 23744  23745 states 
Found    187 : Prune count= 61158  seen_succs= 23793  23794 states 
Found    188 : Prune count= 61727  seen_succs= 24012  24013 states 
Found    189 : Prune count= 61768  seen_succs= 24042  24043 states 
Found    190 : Prune count= 62187  seen_succs= 24218  24219 states 
Found    191 : Prune count= 62830  seen_succs= 24460  24461 states 
Found    192 : Prune count= 63260  seen_succs= 24637  24638 states 
Found    193 : Prune count= 63278  seen_succs= 24654  24655 states 
Found    194 : Prune count= 63329  seen_succs= 24687  24688 states 
Found    195 : Prune count= 63372  seen_succs= 24716  24717 states 
Found    196 : Prune count= 64233  seen_succs= 25058  25059 states 
Found    197 : Prune count= 64316  seen_succs= 25107  25108 states 
Found    198 : Prune count= 65493  seen_succs= 25526  25527 states 
Found    199 : Prune count= 66649  seen_succs= 25928  25929 states 
Found    200 : Prune count= 66667  seen_succs= 25945  25946 states 
Found    201 : Prune count= 66718  seen_succs= 25978  25979 states 
Found    202 : Prune count= 66761  seen_succs= 26007  26008 states 
Found    203 : Prune count= 67223  seen_succs= 26200  26201 states 
Found    204 : Prune count= 67264  seen_succs= 26230  26231 states 
Found    205 : Prune count= 67418  seen_succs= 26305  26306 states 
Found    206 : Prune count= 67501  seen_succs= 26354  26355 states 
Found    207 : Prune count= 68070  seen_succs= 26573  26574 states 
Found    208 : Prune count= 68111  seen_succs= 26603  26604 states 
Found    209 : Prune count= 68415  seen_succs= 26738  26739 states 
Found    210 : Prune count= 68444  seen_succs= 26762  26763 states 
Found    211 : Prune count= 68626  seen_succs= 26851  26852 states 
Found    212 : Prune count= 68694  seen_succs= 26893  26894 states 
Found    213 : Prune count= 70045  seen_succs= 27358  27359 states 
Found    214 : Prune count= 70086  seen_succs= 27388  27389 states 
Found    215 : Prune count= 70173  seen_succs= 27440  27441 states 
Found    216 : Prune count= 70214  seen_succs= 27470  27471 states 
Found    217 : Prune count= 71197  seen_succs= 27835  27836 states 
Found    218 : Prune count= 71298  seen_succs= 27895  27896 states 
Found    219 : Prune count= 72801  seen_succs= 28397  28398 states 
Found    220 : Prune count= 72970  seen_succs= 28485  28486 states 
Found    221 : Prune count= 73922  seen_succs= 28818  28819 states 
Found    222 : Prune count= 73940  seen_succs= 28835  28836 states 
Found    223 : Prune count= 73991  seen_succs= 28868  28869 states 
Found    224 : Prune count= 74034  seen_succs= 28897  28898 states 
Found    225 : Prune count= 74895  seen_succs= 29239  29240 states 
Found    226 : Prune count= 74913  seen_succs= 29256  29257 states 
Found    227 : Prune count= 74963  seen_succs= 29289  29290 states 
Found    228 : Prune count= 74980  seen_succs= 29305  29306 states 
Found    229 : Prune count= 75110  seen_succs= 29370  29371 states 
Found    230 : Prune count= 75153  seen_succs= 29399  29400 states 
Found    231 : Prune count= 75264  seen_succs= 29456  29457 states 
Found    232 : Prune count= 75305  seen_succs= 29484  29485 states 
Found    233 : Prune count= 75598  seen_succs= 29606  29607 states 
Found    234 : Prune count= 75697  seen_succs= 29655  29656 states 
Found    235 : Prune count= 75734  seen_succs= 29679  29680 states 
Found    236 : Prune count= 76008  seen_succs= 29791  29792 states 
Found    237 : Prune count= 76216  seen_succs= 29876  29877 states 
Found    238 : Prune count= 76298  seen_succs= 29918  29919 states 
Found    239 : Prune count= 79525  seen_succs= 30935  30936 states 
Found    240 : Prune count= 79544  seen_succs= 30953  30954 states 
Found    241 : Prune count= 79654  seen_succs= 31016  31017 states 
Found    242 : Prune count= 79685  seen_succs= 31037  31038 states 
Found    243 : Prune count= 79782  seen_succs= 31089  31090 states 
Found    244 : Prune count= 79993  seen_succs= 31183  31184 states 
Found    245 : Prune count= 81064  seen_succs= 31556  31557 states 
Found    246 : Prune count= 81093  seen_succs= 31580  31581 states 
Found    247 : Prune count= 81110  seen_succs= 31596  31597 states 
Found    248 : Prune count= 81339  seen_succs= 31701  31702 states 
Found    249 : Prune count= 81407  seen_succs= 31743  31744 states 
Found    250 : Prune count= 81448  seen_succs= 31771  31772 states 
Found    251 : Prune count= 81933  seen_succs= 31954  31955 states 
Found    252 : Prune count= 81994  seen_succs= 31990  31991 states 
Found    253 : Prune count= 82031  seen_succs= 32014  32015 states 
Found    254 : Prune count= 82453  seen_succs= 32171  32172 states 
Found    255 : Prune count= 82586  seen_succs= 32234  32235 states 
Found    256 : Prune count= 82668  seen_succs= 32276  32277 states 
Found    257 : Prune count= 86961  seen_succs= 33544  33545 states 
Found    258 : Prune count= 86980  seen_succs= 33562  33563 states 
Found    259 : Prune count= 87090  seen_succs= 33625  33626 states 
Found    260 : Prune count= 87121  seen_succs= 33646  33647 states 
Found    261 : Prune count= 87373  seen_succs= 33766  33767 states 
Found    262 : Prune count= 87392  seen_succs= 33784  33785 states 
Found    263 : Prune count= 87502  seen_succs= 33847  33848 states 
Found    264 : Prune count= 87533  seen_succs= 33868  33869 states 
Found    265 : Prune count= 87630  seen_succs= 33920  33921 states 
Found    266 : Prune count= 87841  seen_succs= 34014  34015 states 
Found    267 : Prune count= 91064  seen_succs= 35041  35042 states 
Found    268 : Prune count= 91165  seen_succs= 35101  35102 states 
Found    269 : Prune count= 91226  seen_succs= 35141  35142 states 
Found    270 : Prune count= 91935  seen_succs= 35402  35403 states 
Found    271 : Prune count= 92131  seen_succs= 35492  35493 states 
Found    272 : Prune count= 92252  seen_succs= 35552  35553 states 
Found    273 : Prune count= 96823  seen_succs= 36845  36846 states 
Found    274 : Prune count= 96842  seen_succs= 36863  36864 states 
Found    275 : Prune count= 97307  seen_succs= 37067  37068 states 
Found    276 : Prune count= 97326  seen_succs= 37085  37086 states 
Found    277 : Prune count= 97600  seen_succs= 37218  37219 states 
Found    278 : Prune count=100342  seen_succs= 38056  38057 states 
Found    279 : Prune count=100405  seen_succs= 38102  38103 states 
Found    280 : Prune count=100427  seen_succs= 38124  38125 states 
Found    281 : Prune count=100895  seen_succs= 38350  38351 states 
Found    282 : Prune count=101004  seen_succs= 38412  38413 states 
Found    283 : Prune count=101045  seen_succs= 38442  38443 states 
Found    284 : Prune count=101064  seen_succs= 38459  38460 states 
Found    285 : Prune count=103229  seen_succs= 39275  39276 states 
Found    286 : Prune count=103234  seen_succs= 39284  39285 states 
Found    287 : Prune count=103253  seen_succs= 39301  39302 states 
Found    288 : Prune count=103267  seen_succs= 39314  39315 states 
Found    289 : Prune count=103438  seen_succs= 39403  39404 states 
Found    290 : Prune count=103445  seen_succs= 39413  39414 states 
Found    291 : Prune count=103956  seen_succs= 39629  39630 states 
Found    292 : Prune count=103987  seen_succs= 39654  39655 states 
Found    293 : Prune count=104199  seen_succs= 39753  39754 states 
Found    294 : Prune count=104206  seen_succs= 39763  39764 states 
Found    295 : Prune count=104888  seen_succs= 40031  40032 states 
Found    296 : Prune count=104893  seen_succs= 40040  40041 states 
Found    297 : Prune count=104912  seen_succs= 40057  40058 states 
Found    298 : Prune count=104926  seen_succs= 40070  40071 states 
Found    299 : Prune count=105824  seen_succs= 40433  40434 states 
Found    300 : Prune count=105829  seen_succs= 40442  40443 states 
Found    301 : Prune count=105846  seen_succs= 40459  40460 states 
Found    302 : Prune count=105851  seen_succs= 40467  40468 states 
Found    303 : Prune count=105901  seen_succs= 40500  40501 states 
Found    304 : Prune count=105915  seen_succs= 40513  40514 states 
Found    305 : Prune count=105953  seen_succs= 40538  40539 states 
Found    306 : Prune count=105966  seen_succs= 40550  40551 states 
Found    307 : Prune count=106073  seen_succs= 40604  40605 states 
Found    308 : Prune count=106111  seen_succs= 40629  40630 states 
Found    309 : Prune count=106124  seen_succs= 40641  40642 states 
Found    310 : Prune count=106235  seen_succs= 40697  40698 states 
Found    311 : Prune count=106310  seen_succs= 40734  40735 states 
Found    312 : Prune count=106338  seen_succs= 40752  40753 states 
Found    313 : Prune count=107594  seen_succs= 41217  41218 states 
Found    314 : Prune count=107599  seen_succs= 41226  41227 states 
Found    315 : Prune count=107618  seen_succs= 41244  41245 states 
Found    316 : Prune count=107632  seen_succs= 41257  41258 states 
Found    317 : Prune count=107681  seen_succs= 41288  41289 states 
Found    318 : Prune count=107733  seen_succs= 41321  41322 states 
Found    319 : Prune count=111572  seen_succs= 42571  42572 states 
Found    320 : Prune count=111590  seen_succs= 42588  42589 states 
Found    321 : Prune count=111641  seen_succs= 42621  42622 states 
Found    322 : Prune count=111684  seen_succs= 42650  42651 states 
Found    323 : Prune count=112146  seen_succs= 42843  42844 states 
Found    324 : Prune count=112187  seen_succs= 42873  42874 states 
Found    325 : Prune count=112341  seen_succs= 42948  42949 states 
Found    326 : Prune count=112424  seen_succs= 42997  42998 states 
Found    327 : Prune count=112993  seen_succs= 43216  43217 states 
Found    328 : Prune count=113034  seen_succs= 43246  43247 states 
Found    329 : Prune count=113335  seen_succs= 43381  43382 states 
Found    330 : Prune count=113353  seen_succs= 43398  43399 states 
Found    331 : Prune count=113404  seen_succs= 43431  43432 states 
Found    332 : Prune count=113447  seen_succs= 43460  43461 states 
Found    333 : Prune count=114308  seen_succs= 43802  43803 states 
Found    334 : Prune count=114326  seen_succs= 43819  43820 states 
Found    335 : Prune count=114376  seen_succs= 43852  43853 states 
Found    336 : Prune count=114393  seen_succs= 43868  43869 states 
Found    337 : Prune count=114523  seen_succs= 43933  43934 states 
Found    338 : Prune count=114566  seen_succs= 43962  43963 states 
Found    339 : Prune count=114677  seen_succs= 44019  44020 states 
Found    340 : Prune count=114718  seen_succs= 44047  44048 states 
Found    341 : Prune count=115011  seen_succs= 44169  44170 states 
Found    342 : Prune count=115110  seen_succs= 44218  44219 states 
Found    343 : Prune count=115147  seen_succs= 44242  44243 states 
Found    344 : Prune count=115421  seen_succs= 44354  44355 states 
Found    345 : Prune count=115629  seen_succs= 44439  44440 states 
Found    346 : Prune count=115711  seen_succs= 44481  44482 states 
Found    347 : Prune count=118938  seen_succs= 45498  45499 states 
Found    348 : Prune count=118957  seen_succs= 45516  45517 states 
Found    349 : Prune count=119067  seen_succs= 45579  45580 states 
Found    350 : Prune count=119098  seen_succs= 45600  45601 states 
Found    351 : Prune count=119195  seen_succs= 45652  45653 states 
Found    352 : Prune count=119406  seen_succs= 45746  45747 states 
Found    353 : Prune count=120466  seen_succs= 46119  46120 states 
Found    354 : Prune count=120485  seen_succs= 46137  46138 states 
Found    355 : Prune count=120556  seen_succs= 46181  46182 states 
Found    356 : Prune count=120654  seen_succs= 46231  46232 states 
Found    357 : Prune count=120672  seen_succs= 46248  46249 states 
Found    358 : Prune count=120739  seen_succs= 46290  46291 states 
Found    359 : Prune count=120831  seen_succs= 46339  46340 states 
Found    360 : Prune count=120894  seen_succs= 46384  46385 states 
Found    361 : Prune count=120983  seen_succs= 46434  46435 states 
Found    362 : Prune count=121142  seen_succs= 46508  46509 states 
Found    363 : Prune count=121228  seen_succs= 46557  46558 states 
Found    364 : Prune count=121378  seen_succs= 46630  46631 states 
Found    365 : Prune count=121495  seen_succs= 46701  46702 states 
Found    366 : Prune count=121513  seen_succs= 46721  46722 states 
Found    367 : Prune count=121702  seen_succs= 46822  46823 states 
Found    368 : Prune count=121720  seen_succs= 46842  46843 states 
Found    369 : Prune count=121793  seen_succs= 46893  46894 states 
Found    370 : Prune count=124947  seen_succs= 48043  48044 states 
Found    371 : Prune count=124982  seen_succs= 48071  48072 states 
Found    372 : Prune count=125036  seen_succs= 48105  48106 states 
Found    373 : Prune count=125252  seen_succs= 48211  48212 states 
Found    374 : Prune count=125330  seen_succs= 48263  48264 states 
Found    375 : Prune count=125339  seen_succs= 48276  48277 states 
Found    376 : Prune count=125358  seen_succs= 48292  48293 states 
Found    377 : Prune count=126548  seen_succs= 48776  48777 states 
Found    378 : Prune count=126553  seen_succs= 48785  48786 states 
Found    379 : Prune count=126572  seen_succs= 48802  48803 states 
Found    380 : Prune count=126586  seen_succs= 48815  48816 states 
Found    381 : Prune count=126757  seen_succs= 48904  48905 states 
Found    382 : Prune count=126764  seen_succs= 48914  48915 states 
Found    383 : Prune count=127275  seen_succs= 49130  49131 states 
Found    384 : Prune count=127306  seen_succs= 49155  49156 states 
Found    385 : Prune count=127518  seen_succs= 49254  49255 states 
Found    386 : Prune count=127525  seen_succs= 49264  49265 states 
Found    387 : Prune count=128212  seen_succs= 49532  49533 states 
Found    388 : Prune count=128221  seen_succs= 49544  49545 states 
Found    389 : Prune count=128291  seen_succs= 49589  49590 states 
Found    390 : Prune count=128313  seen_succs= 49607  49608 states 
Found    391 : Prune count=128825  seen_succs= 49816  49817 states 
Found    392 : Prune count=128832  seen_succs= 49826  49827 states 
Found    393 : Prune count=128867  seen_succs= 49854  49855 states 
Found    394 : Prune count=128874  seen_succs= 49864  49865 states 
Found    395 : Prune count=130559  seen_succs= 50462  50463 states 
Found    396 : Prune count=130564  seen_succs= 50471  50472 states 
Found    397 : Prune count=130583  seen_succs= 50488  50489 states 
Found    398 : Prune count=130597  seen_succs= 50501  50502 states 
Found    399 : Prune count=131495  seen_succs= 50864  50865 states 
Found    400 : Prune count=131526  seen_succs= 50889  50890 states 
Found    401 : Prune count=132549  seen_succs= 51258  51259 states 
Found    402 : Prune count=132558  seen_succs= 51270  51271 states 
Found    403 : Prune count=132563  seen_succs= 51278  51279 states 
Found    404 : Prune count=132652  seen_succs= 51331  51332 states 
Found    405 : Prune count=132674  seen_succs= 51349  51350 states 
Found    406 : Prune count=132687  seen_succs= 51361  51362 states 
Found    407 : Prune count=132865  seen_succs= 51440  51441 states 
Found    408 : Prune count=132887  seen_succs= 51458  51459 states 
Found    409 : Prune count=132900  seen_succs= 51470  51471 states 
Found    410 : Prune count=133073  seen_succs= 51549  51550 states 
Found    411 : Prune count=133119  seen_succs= 51576  51577 states 
Found    412 : Prune count=133147  seen_succs= 51594  51595 states 
Found    413 : Prune count=134818  seen_succs= 52166  52167 states 
Found    414 : Prune count=134823  seen_succs= 52175  52176 states 
Found    415 : Prune count=134842  seen_succs= 52193  52194 states 
Found    416 : Prune count=134856  seen_succs= 52206  52207 states 
Found    417 : Prune count=134960  seen_succs= 52268  52269 states 
Found    418 : Prune count=134965  seen_succs= 52277  52278 states 
Found    419 : Prune count=134984  seen_succs= 52295  52296 states 
Found    420 : Prune count=134998  seen_succs= 52308  52309 states 
Found    421 : Prune count=135047  seen_succs= 52339  52340 states 
Found    422 : Prune count=135099  seen_succs= 52372  52373 states 
Found    423 : Prune count=140936  seen_succs= 54196  54197 states 
Found    424 : Prune count=140954  seen_succs= 54213  54214 states 
Found    425 : Prune count=141005  seen_succs= 54246  54247 states 
Found    426 : Prune count=141048  seen_succs= 54275  54276 states 
Found    427 : Prune count=141510  seen_succs= 54468  54469 states 
Found    428 : Prune count=141551  seen_succs= 54498  54499 states 
Found    429 : Prune count=141705  seen_succs= 54573  54574 states 
Found    430 : Prune count=141788  seen_succs= 54622  54623 states 
Found    431 : Prune count=142357  seen_succs= 54841  54842 states 
Found    432 : Prune count=142398  seen_succs= 54871  54872 states 
Found    433 : Prune count=142703  seen_succs= 55006  55007 states 
Found    434 : Prune count=142732  seen_succs= 55030  55031 states 
Found    435 : Prune count=142914  seen_succs= 55119  55120 states 
Found    436 : Prune count=142982  seen_succs= 55161  55162 states 
Found    437 : Prune count=144333  seen_succs= 55626  55627 states 
Found    438 : Prune count=144374  seen_succs= 55656  55657 states 
Found    439 : Prune count=144461  seen_succs= 55708  55709 states 
Found    440 : Prune count=144502  seen_succs= 55738  55739 states 
Found    441 : Prune count=145220  seen_succs= 56015  56016 states 
Found    442 : Prune count=145238  seen_succs= 56032  56033 states 
Found    443 : Prune count=145289  seen_succs= 56065  56066 states 
Found    444 : Prune count=145332  seen_succs= 56094  56095 states 
Found    445 : Prune count=146193  seen_succs= 56436  56437 states 
Found    446 : Prune count=146276  seen_succs= 56485  56486 states 
Found    447 : Prune count=147307  seen_succs= 56857  56858 states 
Found    448 : Prune count=147336  seen_succs= 56881  56882 states 
Found    449 : Prune count=147353  seen_succs= 56897  56898 states 
Found    450 : Prune count=147582  seen_succs= 57002  57003 states 
Found    451 : Prune count=147650  seen_succs= 57044  57045 states 
Found    452 : Prune count=147691  seen_succs= 57072  57073 states 
Found    453 : Prune count=148176  seen_succs= 57255  57256 states 
Found    454 : Prune count=148237  seen_succs= 57291  57292 states 
Found    455 : Prune count=148274  seen_succs= 57315  57316 states 
Found    456 : Prune count=148696  seen_succs= 57472  57473 states 
Found    457 : Prune count=148829  seen_succs= 57535  57536 states 
Found    458 : Prune count=148911  seen_succs= 57577  57578 states 
Found    459 : Prune count=153204  seen_succs= 58845  58846 states 
Found    460 : Prune count=153223  seen_succs= 58863  58864 states 
Found    461 : Prune count=153333  seen_succs= 58926  58927 states 
Found    462 : Prune count=153364  seen_succs= 58947  58948 states 
Found    463 : Prune count=153616  seen_succs= 59067  59068 states 
Found    464 : Prune count=153635  seen_succs= 59085  59086 states 
Found    465 : Prune count=153745  seen_succs= 59148  59149 states 
Found    466 : Prune count=153776  seen_succs= 59169  59170 states 
Found    467 : Prune count=153873  seen_succs= 59221  59222 states 
Found    468 : Prune count=154084  seen_succs= 59315  59316 states 
Found    469 : Prune count=156362  seen_succs= 60066  60067 states 
Found    470 : Prune count=156484  seen_succs= 60132  60133 states 
Found    471 : Prune count=156703  seen_succs= 60230  60231 states 
Found    472 : Prune count=156822  seen_succs= 60295  60296 states 
Found    473 : Prune count=157030  seen_succs= 60392  60393 states 
Found    474 : Prune count=157200  seen_succs= 60489  60490 states 
Found    475 : Prune count=157218  seen_succs= 60509  60510 states 
Found    476 : Prune count=157291  seen_succs= 60560  60561 states 
Found    477 : Prune count=157417  seen_succs= 60629  60630 states 
Found    478 : Prune count=160755  seen_succs= 61778  61779 states 
Found    479 : Prune count=160790  seen_succs= 61806  61807 states 
Found    480 : Prune count=160844  seen_succs= 61840  61841 states 
Found    481 : Prune count=161060  seen_succs= 61946  61947 states 
Found    482 : Prune count=161138  seen_succs= 61998  61999 states 
Found    483 : Prune count=161147  seen_succs= 62011  62012 states 
Found    484 : Prune count=161166  seen_succs= 62027  62028 states 
Found    485 : Prune count=161375  seen_succs= 62144  62145 states 
Found    486 : Prune count=161436  seen_succs= 62182  62183 states 
Found    487 : Prune count=163700  seen_succs= 63034  63035 states 
Found    488 : Prune count=163718  seen_succs= 63054  63055 states 
Found    489 : Prune count=163769  seen_succs= 63092  63093 states 
Found    490 : Prune count=163875  seen_succs= 63161  63162 states 
Found    491 : Prune count=163979  seen_succs= 63217  63218 states 
Found    492 : Prune count=164167  seen_succs= 63313  63314 states 
Found    493 : Prune count=164304  seen_succs= 63387  63388 states 
Found    494 : Prune count=168880  seen_succs= 64896  64897 states 
Found    495 : Prune count=168915  seen_succs= 64924  64925 states 
Found    496 : Prune count=168969  seen_succs= 64958  64959 states 
Found    497 : Prune count=169185  seen_succs= 65064  65065 states 
Found    498 : Prune count=169262  seen_succs= 65116  65117 states 
Found    499 : Prune count=169326  seen_succs= 65160  65161 states 
Found    500 : Prune count=169418  seen_succs= 65212  65213 states 
Found    501 : Prune count=169843  seen_succs= 65398  65399 states 
Found    502 : Prune count=169904  seen_succs= 65436  65437 states 
Found    503 : Prune count=170229  seen_succs= 65587  65588 states 
Found    504 : Prune count=170338  seen_succs= 65647  65648 states 
Found    505 : Prune count=173836  seen_succs= 66835  66836 states 
Found    506 : Prune count=173901  seen_succs= 66881  66882 states 
Found    507 : Prune count=174007  seen_succs= 66943  66944 states 
Found    508 : Prune count=174029  seen_succs= 66965  66966 states 
Found    509 : Prune count=174225  seen_succs= 67069  67070 states 
Found    510 : Prune count=174266  seen_succs= 67099  67100 states 
Found    511 : Prune count=174285  seen_succs= 67116  67117 states 
Found    512 : Prune count=175210  seen_succs= 67513  67514 states 
Found    513 : Prune count=175245  seen_succs= 67541  67542 states 
Found    514 : Prune count=175299  seen_succs= 67575  67576 states 
Found    515 : Prune count=175515  seen_succs= 67681  67682 states 
Found    516 : Prune count=175576  seen_succs= 67726  67727 states 
Found    517 : Prune count=175637  seen_succs= 67764  67765 states 
Found    518 : Prune count=199642  seen_succs= 75929  75930 states 
Found    519 : Prune count=199869  seen_succs= 76059  76060 states 
Found    520 : Prune count=199909  seen_succs= 76097  76098 states 
Found    521 : Prune count=200493  seen_succs= 76363  76364 states 
Found    522 : Prune count=200514  seen_succs= 76387  76388 states 
Found    523 : Prune count=200536  seen_succs= 76409  76410 states 
Found    524 : Prune count=200653  seen_succs= 76491  76492 states 
Found    525 : Prune count=200694  seen_succs= 76523  76524 states 
Found    526 : Prune count=200735  seen_succs= 76553  76554 states 
Found    527 : Prune count=200754  seen_succs= 76570  76571 states 
Found    528 : Prune count=202897  seen_succs= 77425  77426 states 
Found    529 : Prune count=203176  seen_succs= 77576  77577 states 
Found    530 : Prune count=203320  seen_succs= 77666  77667 states 
Found    531 : Prune count=203933  seen_succs= 77930  77931 states 
Found    532 : Prune count=203998  seen_succs= 77978  77979 states 
Found    533 : Prune count=204020  seen_succs= 78000  78001 states 
Found    534 : Prune count=204510  seen_succs= 78240  78241 states 
Found    535 : Prune count=204623  seen_succs= 78304  78305 states 
Found    536 : Prune count=204664  seen_succs= 78334  78335 states 
Found    537 : Prune count=204683  seen_succs= 78351  78352 states 
Found    538 : Prune count=206979  seen_succs= 79213  79214 states 
Found    539 : Prune count=207044  seen_succs= 79259  79260 states 
Found    540 : Prune count=207150  seen_succs= 79321  79322 states 
Found    541 : Prune count=207172  seen_succs= 79343  79344 states 
Found    542 : Prune count=207368  seen_succs= 79447  79448 states 
Found    543 : Prune count=207409  seen_succs= 79477  79478 states 
Found    544 : Prune count=207428  seen_succs= 79494  79495 states 
Found    545 : Prune count=208353  seen_succs= 79891  79892 states 
Found    546 : Prune count=208388  seen_succs= 79919  79920 states 
Found    547 : Prune count=208442  seen_succs= 79953  79954 states 
Found    548 : Prune count=208658  seen_succs= 80059  80060 states 
Found    549 : Prune count=208719  seen_succs= 80104  80105 states 
Found    550 : Prune count=208780  seen_succs= 80142  80143 states 
Found    551 : Prune count=215291  seen_succs= 82479  82480 states 
Found    552 : Prune count=215310  seen_succs= 82497  82498 states 
Found    553 : Prune count=215381  seen_succs= 82541  82542 states 
Found    554 : Prune count=215479  seen_succs= 82591  82592 states 
Found    555 : Prune count=215497  seen_succs= 82608  82609 states 
Found    556 : Prune count=215564  seen_succs= 82650  82651 states 
Found    557 : Prune count=215656  seen_succs= 82699  82700 states 
Found    558 : Prune count=215733  seen_succs= 82753  82754 states 
Found    559 : Prune count=215822  seen_succs= 82803  82804 states 
Found    560 : Prune count=215981  seen_succs= 82877  82878 states 
Found    561 : Prune count=216067  seen_succs= 82926  82927 states 
Found    562 : Prune count=216217  seen_succs= 82999  83000 states 
Found    563 : Prune count=216416  seen_succs= 83113  83114 states 
Found    564 : Prune count=216499  seen_succs= 83170  83171 states 
Found    565 : Prune count=218819  seen_succs= 84051  84052 states 
Found    566 : Prune count=218891  seen_succs= 84105  84106 states 
Found    567 : Prune count=218901  seen_succs= 84119  84120 states 
Found    568 : Prune count=218920  seen_succs= 84135  84136 states 
Found    569 : Prune count=219702  seen_succs= 84484  84485 states 
Found    570 : Prune count=219824  seen_succs= 84550  84551 states 
Found    571 : Prune count=220043  seen_succs= 84648  84649 states 
Found    572 : Prune count=220162  seen_succs= 84713  84714 states 
Found    573 : Prune count=220370  seen_succs= 84810  84811 states 
Found    574 : Prune count=220650  seen_succs= 84957  84958 states 
Found    575 : Prune count=222704  seen_succs= 85696  85697 states 
Found    576 : Prune count=222776  seen_succs= 85750  85751 states 
Found    577 : Prune count=222786  seen_succs= 85764  85765 states 
Found    578 : Prune count=222805  seen_succs= 85780  85781 states 
Found    579 : Prune count=224111  seen_succs= 86334  86335 states 
Found    580 : Prune count=224824  seen_succs= 86624  86625 states 
Found    581 : Prune count=225260  seen_succs= 86817  86818 states 
Found    582 : Prune count=226050  seen_succs= 87149  87150 states 
Test D3181r0-PPC-1 Allowed
States 7
1:r1=0; 2:r1=0; 2:r3=0;
1:r1=0; 2:r1=0; 2:r3=1;
1:r1=0; 2:r1=1; 2:r3=0;
1:r1=0; 2:r1=1; 2:r3=1;
1:r1=1; 2:r1=0; 2:r3=0;
1:r1=1; 2:r1=0; 2:r3=1;
1:r1=1; 2:r1=1; 2:r3=1;
No (allowed not found)
Condition exists (1:r1=1 /\ 2:r1=1 /\ 2:r3=0)
Hash=9f1f0a380d57eac1760a9940a6d01adf
Observation D3181r0-PPC-1 Never 0 7 

